<?xml version="1.0" encoding="UTF-8"?>
<!-- Generated by org.testng.reporters.JUnitReportReporter -->
<testsuite hostname="Danielas-Air.lan" failures="0" tests="2" name="day36.AllAnnotations" time="0.007" errors="0" timestamp="2022-03-17T16:51:40 CDT" skipped="0">
  <testcase classname="day36.AllAnnotations" name="tm1" time="0.006"/>
  <system-out/>
  <testcase classname="day36.AllAnnotations" name="tm2" time="0.001"/>
  <system-out/>
</testsuite> <!-- day36.AllAnnotations -->
