<?xml version="1.0" encoding="UTF-8"?>
<!-- Generated by org.testng.reporters.JUnitReportReporter -->
<testsuite hostname="Danielas-MacBook-Air.local" failures="0" tests="1" name="day42.ReadingPropertiesFile" time="18.242" errors="0" timestamp="2022-03-25T11:08:53 MDT" skipped="0">
  <testcase classname="day42.ReadingPropertiesFile" name="loginTest" time="18.242"/>
  <system-out/>
</testsuite> <!-- day42.ReadingPropertiesFile -->
