<?xml version="1.0" encoding="UTF-8"?>
<!-- Generated by org.testng.reporters.JUnitReportReporter -->
<testsuite hostname="Danielas-MacBook-Air.local" failures="0" tests="1" name="day38.HardVsSoftAssertions" time="0.010" errors="0" timestamp="2022-03-21T18:48:43 MDT" skipped="0">
  <testcase classname="day38.HardVsSoftAssertions" name="test_softassertion" time="0.010"/>
  <system-out/>
</testsuite> <!-- day38.HardVsSoftAssertions -->
