<?xml version="1.0" encoding="UTF-8"?>
<!-- Generated by org.testng.reporters.JUnitReportReporter -->
<testsuite hostname="Danielas-MacBook-Air.local" failures="0" tests="3" name="day42.TakesScreenshotDemo" time="1.157" errors="0" timestamp="2022-03-25T11:06:58 MDT" skipped="0">
  <testcase classname="day42.TakesScreenshotDemo" name="fullpagescreenshot" time="0.767"/>
  <system-out/>
  <testcase classname="day42.TakesScreenshotDemo" name="specificElementScreenshot" time="0.065"/>
  <system-out/>
  <testcase classname="day42.TakesScreenshotDemo" name="specificSectionScreenshot" time="0.325"/>
  <system-out/>
</testsuite> <!-- day42.TakesScreenshotDemo -->
