<?xml version="1.0" encoding="UTF-8"?>
<!-- Generated by org.testng.reporters.JUnitReportReporter -->
<testsuite hostname="Danielas-Air.lan" failures="0" tests="4" name="day35.FirstTestCase" time="0.014" errors="0" timestamp="2022-03-15T20:57:25 CDT" skipped="0">
  <testcase classname="day35.FirstTestCase" name="openApp" time="0.009"/>
  <system-out/>
  <testcase classname="day35.FirstTestCase" name="login" time="0.002"/>
  <system-out/>
  <testcase classname="day35.FirstTestCase" name="logout" time="0.002"/>
  <system-out/>
  <testcase classname="day35.FirstTestCase" name="closeApp" time="0.001"/>
  <system-out/>
</testsuite> <!-- day35.FirstTestCase -->
