<?xml version="1.0" encoding="UTF-8"?>
<!-- Generated by org.testng.reporters.JUnitReportReporter -->
<testsuite hostname="Danielas-Air.lan" failures="0" tests="3" name="day37.GroupingDemo" time="0.010" errors="0" timestamp="2022-03-17T20:33:06 CDT" skipped="1">
  <testcase classname="day37.GroupingDemo" name="loginByfacebook" time="0.009"/>
  <system-out/>
  <testcase classname="day37.GroupingDemo" name="loginBytwitter" time="0.001"/>
  <system-out/>
  <testcase classname="day37.GroupingDemo" name="paymentIndollar">
    <skipped/>
  </testcase> <!-- paymentIndollar -->
  <system-out/>
</testsuite> <!-- day37.GroupingDemo -->
