<?xml version="1.0" encoding="UTF-8"?>
<!-- Generated by org.testng.reporters.JUnitReportReporter -->
<testsuite hostname="Danielas-Air.lan" failures="0" tests="3" name="day35.SecondTestCase" time="5.810" errors="0" timestamp="2022-03-16T11:22:27 CDT" skipped="0">
  <testcase classname="day35.SecondTestCase" name="openApp" time="3.476"/>
  <system-out/>
  <testcase classname="day35.SecondTestCase" name="login" time="2.252"/>
  <system-out/>
  <testcase classname="day35.SecondTestCase" name="closeApp" time="0.082"/>
  <system-out/>
</testsuite> <!-- day35.SecondTestCase -->
