<?xml version="1.0" encoding="UTF-8"?>
<!-- Generated by org.testng.reporters.JUnitReportReporter -->
<testsuite hostname="Danielas-MacBook-Air.local" failures="0" tests="6" name="day38.ParamTest" time="0.233" errors="0" timestamp="2022-03-21T18:38:34 MDT" skipped="0">
  <testcase classname="day38.ParamTest" name="testLogo" time="0.046"/>
  <system-out/>
  <testcase classname="day38.ParamTest" name="testLogo" time="0.108"/>
  <system-out/>
  <testcase classname="day38.ParamTest" name="testLogo" time="0.054"/>
  <system-out/>
  <testcase classname="day38.ParamTest" name="testTitle" time="0.007"/>
  <system-out/>
  <testcase classname="day38.ParamTest" name="testTitle" time="0.010"/>
  <system-out/>
  <testcase classname="day38.ParamTest" name="testTitle" time="0.008"/>
  <system-out/>
</testsuite> <!-- day38.ParamTest -->
