<?xml version="1.0" encoding="UTF-8"?>
<!-- Generated by org.testng.reporters.JUnitReportReporter -->
<testsuite hostname="Danielas-MacBook-Air.local" failures="0" tests="1" name="day41.CookiesDemo" time="0.114" errors="0" timestamp="2022-03-23T20:12:25 MDT" skipped="0">
  <testcase classname="day41.CookiesDemo" name="testCookies" time="0.114"/>
  <system-out/>
</testsuite> <!-- day41.CookiesDemo -->
