<?xml version="1.0" encoding="UTF-8"?>
<!-- Generated by org.testng.reporters.JUnitReportReporter -->
<testsuite hostname="Danielas-MacBook-Air.local" failures="0" tests="1" name="day41.BrokenLinksDemo" time="8.639" errors="0" timestamp="2022-03-24T11:20:11 MDT" skipped="0">
  <testcase classname="day41.BrokenLinksDemo" name="testBrokenLinks" time="8.639"/>
  <system-out/>
</testsuite> <!-- day41.BrokenLinksDemo -->
