<?xml version="1.0" encoding="UTF-8"?>
<!-- Generated by org.testng.reporters.JUnitReportReporter -->
<testsuite hostname="Danielas-MacBook-Air.local" failures="0" tests="2" name="day40_pageobjectmodel.OrangeHrmTest" time="0.280" errors="0" timestamp="2022-03-22T20:04:24 MDT" skipped="0">
  <testcase classname="day40_pageobjectmodel.OrangeHrmTest" name="test_logo" time="0.066"/>
  <system-out/>
  <testcase classname="day40_pageobjectmodel.OrangeHrmTest" name="test_login" time="0.214"/>
  <system-out/>
</testsuite> <!-- day40_pageobjectmodel.OrangeHrmTest -->
