<?xml version="1.0" encoding="UTF-8"?>
<!-- Generated by org.testng.reporters.JUnitReportReporter -->
<testsuite hostname="Danielas-MacBook-Air.local" failures="0" tests="3" name="day41.HeadlessModeTesting" time="23.324" errors="0" timestamp="2022-03-24T17:08:02 MDT" skipped="0">
  <testcase classname="day41.HeadlessModeTesting" name="headlessFirefox" time="5.277"/>
  <system-out/>
  <testcase classname="day41.HeadlessModeTesting" name="headlessChrome" time="4.982"/>
  <system-out/>
  <testcase classname="day41.HeadlessModeTesting" name="headlessEdge" time="13.065"/>
  <system-out/>
</testsuite> <!-- day41.HeadlessModeTesting -->
